<?xml version="1.0" encoding="UTF-8"?>
<!-- Generated by org.testng.reporters.JUnitReportReporter -->
<testsuite hostname="HOME" name="etruckingSolution.T" tests="4" failures="0" timestamp="10 Aug 2019 19:00:18 GMT" time="0.008" errors="0">
  <testcase name="t3" time="0.000" classname="etruckingSolution.T"/>
  <testcase name="t2" time="0.002" classname="etruckingSolution.T"/>
  <testcase name="t2" time="0.002" classname="etruckingSolution.T"/>
  <testcase name="t1" time="0.004" classname="etruckingSolution.T"/>
</testsuite> <!-- etruckingSolution.T -->
