<?xml version="1.0" encoding="UTF-8"?>
<!-- Generated by org.testng.reporters.JUnitReportReporter -->
<testsuite hostname="HOME" failures="0" tests="2" name="etruckingSolution.HomePageTest" time="15.124" errors="0" timestamp="30 Aug 2019 22:59:11 GMT">
  <testcase classname="etruckingSolution.HomePageTest" name="clickOnLoginButton" time="9.355"/>
  <testcase classname="etruckingSolution.HomePageTest" name="homePage" time="5.769"/>
</testsuite> <!-- etruckingSolution.HomePageTest -->
