<?xml version="1.0" encoding="UTF-8"?>
<!-- Generated by org.testng.reporters.JUnitReportReporter -->
<testsuite hostname="HOME" failures="0" tests="1" name="etruckingSolution.scrennshotTest" time="4.445" errors="0" timestamp="25 Aug 2019 17:59:43 GMT">
  <testcase classname="etruckingSolution.scrennshotTest" name="t1" time="4.445"/>
</testsuite> <!-- etruckingSolution.scrennshotTest -->
