<?xml version="1.0" encoding="UTF-8"?>
<!-- Generated by org.testng.reporters.JUnitReportReporter -->
<testsuite hostname="HOME" failures="0" tests="1" name="etruckingSolution.Guru99" time="4.890" errors="0" timestamp="18 Aug 2019 18:49:34 GMT">
  <testcase classname="etruckingSolution.Guru99" name="loginValid" time="4.890"/>
</testsuite> <!-- etruckingSolution.Guru99 -->
