<?xml version="1.0" encoding="UTF-8"?>
<!-- Generated by org.testng.reporters.JUnitReportReporter -->
<testsuite hostname="HOME" failures="0" tests="1" name="etruckingSolution.LoginPageTest" time="10.846" errors="0" timestamp="31 Aug 2019 08:25:18 GMT">
  <testcase classname="etruckingSolution.LoginPageTest" name="signin" time="10.846"/>
</testsuite> <!-- etruckingSolution.LoginPageTest -->
